<?xml version="1.0"?>
<!DOCTYPE coverage SYSTEM "http://cobertura.sourceforge.net/xml/coverage-04.dtd">

<coverage line-rate="0.0" branch-rate="1.0" lines-covered="0" lines-valid="6" branches-covered="0" branches-valid="0" complexity="1.0" version="2.0.3" timestamp="1659553408645">
	<sources>
		<source>--source</source>
		<source>/home/student/eclipse-workspace/TestMavenProject/target/generated-sources/annotations</source>
		<source>/home/student/eclipse-workspace/TestMavenProject/src/main/java</source>
	</sources>
	<packages>
		<package name="com.example.TestMavenProject" line-rate="0.0" branch-rate="1.0" complexity="1.0">
			<classes>
				<class name="com.example.TestMavenProject.App" filename="com/example/TestMavenProject/App.java" line-rate="0.0" branch-rate="1.0" complexity="1.0">
					<methods>
						<method name="&lt;init&gt;" signature="()V" line-rate="0.0" branch-rate="1.0">
							<lines>
								<line number="7" hits="0" branch="false"/>
							</lines>
						</method>
						<method name="main" signature="([Ljava/lang/String;)V" line-rate="0.0" branch-rate="1.0">
							<lines>
								<line number="12" hits="0" branch="false"/>
								<line number="13" hits="0" branch="false"/>
								<line number="14" hits="0" branch="false"/>
								<line number="15" hits="0" branch="false"/>
								<line number="16" hits="0" branch="false"/>
							</lines>
						</method>
					</methods>
					<lines>
						<line number="7" hits="0" branch="false"/>
						<line number="12" hits="0" branch="false"/>
						<line number="13" hits="0" branch="false"/>
						<line number="14" hits="0" branch="false"/>
						<line number="15" hits="0" branch="false"/>
						<line number="16" hits="0" branch="false"/>
					</lines>
				</class>
			</classes>
		</package>
	</packages>
</coverage>
